<?xml version="1.0" encoding="UTF-8"?>
<!-- Generated by org.testng.reporters.JUnitReportReporter -->
<testsuite skipped="0" hostname="DESKTOP-5P74EC3" name="testCase.PectoFiSec" tests="2" failures="0" timestamp="2020-12-30T12:36:17 IST" time="73.146" errors="0">
  <testcase name="DogBedBrand" time="45.554" classname="testCase.PectoFiSec"/>
  <system-out/>
  <testcase name="DogDryFood" time="27.592" classname="testCase.PectoFiSec"/>
  <system-out/>
</testsuite> <!-- testCase.PectoFiSec -->
